2024-05-24 15:47:11.338 [info] Log level: Info
2024-05-24 15:47:11.338 [info] Validating found git in: "git"
2024-05-24 15:47:11.338 [info] Using git "2.39.2" from "git"
2024-05-24 15:47:11.338 [info] > git rev-parse --show-toplevel [55ms]
2024-05-24 15:47:11.338 [info] > git rev-parse --git-dir --git-common-dir [27ms]
2024-05-24 15:47:11.338 [info] Open repository: /home/brian/repos-geocom/kafka-deploy-oxxo
2024-05-24 15:47:11.338 [info] > git rev-parse --show-toplevel [256ms]
2024-05-24 15:47:11.338 [info] > git config --get commit.template [268ms]
2024-05-24 15:47:11.393 [info] > git rev-parse --show-toplevel [43ms]
2024-05-24 15:47:11.447 [info] > git for-each-ref --format=%(refname)%00%(upstream:short)%00%(objectname)%00%(upstream:track)%00%(upstream:remotename)%00%(upstream:remoteref) refs/heads/test-brian refs/remotes/test-brian [57ms]
2024-05-24 15:47:11.468 [info] > git rev-parse --show-toplevel [22ms]
2024-05-24 15:47:11.549 [info] > git rev-parse --git-dir --git-common-dir [5ms]
2024-05-24 15:47:11.557 [info] Open repository: /home/brian/repos-geocom/kafka-deploy-oxxo/Environments
2024-05-24 15:47:11.617 [info] > git check-ignore -v -z --stdin [48ms]
2024-05-24 15:47:11.629 [info] > git status -z -uall [47ms]
2024-05-24 15:47:11.629 [info] > git rev-parse --show-toplevel [20ms]
2024-05-24 15:47:11.630 [info] > git config --get commit.template [34ms]
2024-05-24 15:47:11.718 [info] > git merge-base refs/heads/test-brian refs/remotes/origin/test-brian [72ms]
2024-05-24 15:47:11.826 [info] > git rev-list --count --left-right refs/heads/test-brian...refs/remotes/origin/test-brian [95ms]
2024-05-24 15:47:11.839 [info] > git config --get commit.template [123ms]
2024-05-24 15:47:11.840 [info] > git rev-parse --show-toplevel [135ms]
2024-05-24 15:47:11.875 [info] > git diff --name-status -z --diff-filter=ADMR a7edb5686e83fb0e36b247dee8527247ebb32388...refs/remotes/origin/test-brian [36ms]
2024-05-24 15:47:11.876 [info] > git for-each-ref --format=%(refname)%00%(upstream:short)%00%(objectname)%00%(upstream:track)%00%(upstream:remotename)%00%(upstream:remoteref) refs/heads/master refs/remotes/master [61ms]
2024-05-24 15:47:11.904 [info] > git rev-parse --show-toplevel [31ms]
2024-05-24 15:47:11.919 [info] > git for-each-ref --format=%(refname)%00%(upstream:short)%00%(objectname)%00%(upstream:track)%00%(upstream:remotename)%00%(upstream:remoteref) refs/heads/test-brian refs/remotes/test-brian [28ms]
2024-05-24 15:47:11.923 [info] > git rev-parse --show-toplevel [6ms]
2024-05-24 15:47:11.966 [info] > git show --textconv :jenkins/deploy_kafka.groovy [26ms]
2024-05-24 15:47:11.969 [info] > git status -z -uall [5ms]
2024-05-24 15:47:11.990 [info] > git ls-files --stage -- /home/brian/repos-geocom/kafka-deploy-oxxo/jenkins/deploy_kafka.groovy [38ms]
2024-05-24 15:47:12.012 [info] > git merge-base refs/heads/master refs/remotes/origin/master [30ms]
2024-05-24 15:47:12.082 [info] > git status -z -uall [45ms]
2024-05-24 15:47:12.082 [info] > git config --get commit.template [71ms]
2024-05-24 15:47:12.082 [info] > git cat-file -s 42ace0c047d89c6801f5308a3ae3428643f54c08 [82ms]
2024-05-24 15:47:12.159 [info] > git rev-list --count --left-right refs/heads/master...refs/remotes/origin/master [135ms]
2024-05-24 15:47:12.205 [info] > git diff --name-status -z --diff-filter=ADMR a3c4001d02b2b3448555d00c907bfb021aede6de...refs/remotes/origin/master [33ms]
2024-05-24 15:47:12.247 [info] > git for-each-ref --format=%(refname)%00%(upstream:short)%00%(objectname)%00%(upstream:track)%00%(upstream:remotename)%00%(upstream:remoteref) refs/heads/master refs/remotes/master [56ms]
2024-05-24 15:47:12.275 [info] > git check-ignore -v -z --stdin [15ms]
2024-05-24 15:47:12.276 [info] > git check-ignore -v -z --stdin [3ms]
2024-05-24 15:47:12.378 [info] > git status -z -uall [37ms]
