2024-05-24 15:29:28.030 [info] git rev-parse --absolute-git-dir
2024-05-24 15:29:28.030 [info] git rev-parse --absolute-git-dir
2024-05-24 15:29:28.030 [info] git blame -C --incremental -- /home/brian/repos-geocom/vault-agent-geoswitch/Jenkins/Jenkinsfile
2024-05-24 15:29:28.030 [info] Blamed "/home/brian/repos-geocom/vault-agent-geoswitch/Jenkins/Jenkinsfile"
2024-05-24 15:49:26.261 [info] git rev-parse --absolute-git-dir
2024-05-24 15:49:26.310 [info] git rev-parse --absolute-git-dir
2024-05-24 15:49:26.371 [info] git blame -C --incremental -- /home/brian/repos-geocom/vault-agent-geoswitch/ansible/inventory.ini
2024-05-24 15:49:26.380 [info] Blamed "/home/brian/repos-geocom/vault-agent-geoswitch/ansible/inventory.ini"
2024-05-24 16:17:10.983 [info] git rev-parse --absolute-git-dir
2024-05-24 16:17:11.028 [info] git blame -C --incremental -- /home/brian/repos-geocom/vault-agent-geoswitch/ansible/inventory.ini
2024-05-24 16:17:11.046 [info] Blamed "/home/brian/repos-geocom/vault-agent-geoswitch/ansible/inventory.ini"
2024-05-24 16:32:28.526 [info] git rev-parse --absolute-git-dir
2024-05-24 16:32:28.614 [info] git blame -C --incremental -- /home/brian/repos-geocom/vault-agent-geoswitch/Jenkins/Jenkinsfile
2024-05-24 16:32:28.636 [info] Blamed "/home/brian/repos-geocom/vault-agent-geoswitch/Jenkins/Jenkinsfile"
2024-05-24 16:33:13.122 [info] git rev-parse --absolute-git-dir
2024-05-24 16:33:13.185 [info] git blame -C --incremental -- /home/brian/repos-geocom/vault-agent-geoswitch/Jenkins/Jenkinsfile
2024-05-24 16:33:13.198 [info] Blamed "/home/brian/repos-geocom/vault-agent-geoswitch/Jenkins/Jenkinsfile"
2024-05-24 16:57:58.858 [info] git rev-parse --absolute-git-dir
2024-05-24 16:57:58.898 [info] git blame -C --incremental -- /home/brian/repos-geocom/vault-agent-geoswitch/Jenkins/Jenkinsfile
2024-05-24 16:57:58.911 [info] Blamed "/home/brian/repos-geocom/vault-agent-geoswitch/Jenkins/Jenkinsfile"
2024-05-24 17:01:10.673 [info] git rev-parse --absolute-git-dir
2024-05-24 17:01:10.709 [info] git blame -C --incremental -- /home/brian/repos-geocom/vault-agent-geoswitch/Jenkins/Jenkinsfile
2024-05-24 17:01:10.722 [info] Blamed "/home/brian/repos-geocom/vault-agent-geoswitch/Jenkins/Jenkinsfile"
