2024-05-24 13:33:47.399 [info] Log level: Info
2024-05-24 13:33:47.400 [info] Validating found git in: "git"
2024-05-24 13:33:47.400 [info] Using git "2.39.2" from "git"
2024-05-24 13:33:47.400 [info] > git rev-parse --show-toplevel [22ms]
2024-05-24 13:33:47.401 [info] > git rev-parse --git-dir --git-common-dir [4ms]
2024-05-24 13:33:47.414 [info] Open repository: /home/brian/repos-geocom/kafka-deploy-gama
2024-05-24 13:33:47.458 [info] > git rev-parse --show-toplevel [24ms]
2024-05-24 13:33:47.459 [info] > git config --get commit.template [33ms]
2024-05-24 13:33:47.571 [info] > git rev-parse --show-toplevel [51ms]
2024-05-24 13:33:47.586 [info] > git for-each-ref --format=%(refname)%00%(upstream:short)%00%(objectname)%00%(upstream:track)%00%(upstream:remotename)%00%(upstream:remoteref) refs/heads/master refs/remotes/master [39ms]
2024-05-24 13:33:47.615 [info] > git rev-parse --git-dir --git-common-dir [30ms]
2024-05-24 13:33:47.622 [info] Open repository: /home/brian/repos-geocom/kafka-deploy-gama/Environments
2024-05-24 13:33:47.658 [info] > git config --get commit.template [22ms]
2024-05-24 13:33:47.662 [info] > git rev-parse --show-toplevel [16ms]
2024-05-24 13:33:47.686 [info] > git status -z -uall [30ms]
2024-05-24 13:33:47.686 [info] > git for-each-ref --format=%(refname)%00%(upstream:short)%00%(objectname)%00%(upstream:track)%00%(upstream:remotename)%00%(upstream:remoteref) refs/heads/master refs/remotes/master [12ms]
2024-05-24 13:33:47.817 [info] > git merge-base refs/heads/master refs/remotes/origin/master [119ms]
2024-05-24 13:33:47.828 [info] > git rev-parse --show-toplevel [144ms]
2024-05-24 13:33:48.907 [info] > git rev-list --count --left-right refs/heads/master...refs/remotes/origin/master [1079ms]
2024-05-24 13:33:48.920 [info] > git config --get commit.template [1104ms]
2024-05-24 13:33:49.228 [info] > git diff --name-status -z --diff-filter=ADMR 5d0fba165df8c6386e09f86e8a5e37705131b911...refs/remotes/origin/master [308ms]
2024-05-24 13:33:49.229 [info] > git rev-parse --show-toplevel [337ms]
2024-05-24 13:33:49.330 [info] > git status -z -uall [20ms]
2024-05-24 13:33:49.454 [info] > git for-each-ref --format=%(refname)%00%(upstream:short)%00%(objectname)%00%(upstream:track)%00%(upstream:remotename)%00%(upstream:remoteref) refs/heads/master refs/remotes/master [133ms]
2024-05-24 13:33:49.496 [info] > git check-ignore -v -z --stdin [76ms]
2024-05-24 13:33:49.497 [info] > git check-ignore -v -z --stdin [64ms]
2024-05-24 13:33:49.500 [info] > git merge-base refs/heads/master refs/remotes/origin/master [30ms]
2024-05-24 13:33:49.808 [info] > git rev-list --count --left-right refs/heads/master...refs/remotes/origin/master [295ms]
2024-05-24 13:33:49.821 [info] > git config --get commit.template [326ms]
2024-05-24 13:33:49.873 [info] > git diff --name-status -z --diff-filter=ADMR aa0a7bcd14fb8584adfe4b85ec37c8b75149351c...refs/remotes/origin/master [52ms]
2024-05-24 13:33:49.957 [info] > git status -z -uall [57ms]
2024-05-24 13:33:49.958 [info] > git show --textconv :ansible/group_vars/kafka.yml [27ms]
2024-05-24 13:33:49.959 [info] > git for-each-ref --format=%(refname)%00%(upstream:short)%00%(objectname)%00%(upstream:track)%00%(upstream:remotename)%00%(upstream:remoteref) refs/heads/master refs/remotes/master [47ms]
2024-05-24 13:33:49.968 [info] > git ls-files --stage -- /home/brian/repos-geocom/kafka-deploy-gama/ansible/group_vars/kafka.yml [24ms]
2024-05-24 13:33:50.022 [info] > git cat-file -s 5ba01d9ada515276285f2533d50da6f291bf9e3c [42ms]
2024-05-24 13:33:50.072 [info] > git status -z -uall [36ms]
