2024-05-24 12:11:11.315 [info] Log level: Info
2024-05-24 12:11:11.315 [info] Validating found git in: "git"
2024-05-24 12:11:11.315 [info] Using git "2.39.2" from "git"
2024-05-24 12:11:11.315 [info] > git rev-parse --show-toplevel [4ms]
2024-05-24 12:11:11.315 [info] > git rev-parse --git-dir --git-common-dir [2ms]
2024-05-24 12:11:11.315 [info] Open repository: /home/brian/repos-geocom/kafka-deploy-oxxo
2024-05-24 12:11:11.315 [info] > git config --get commit.template [8ms]
2024-05-24 12:11:11.315 [info] > git rev-parse --show-toplevel [4ms]
2024-05-24 12:11:11.315 [info] > git rev-parse --show-toplevel [2ms]
2024-05-24 12:11:11.315 [info] > git for-each-ref --format=%(refname)%00%(upstream:short)%00%(objectname)%00%(upstream:track)%00%(upstream:remotename)%00%(upstream:remoteref) refs/heads/test-brian refs/remotes/test-brian [20ms]
2024-05-24 12:11:11.315 [info] > git rev-parse --git-dir --git-common-dir [67ms]
2024-05-24 12:11:11.315 [info] Open repository: /home/brian/repos-geocom/kafka-deploy-oxxo/Environments
2024-05-24 12:11:11.315 [info] > git rev-parse --show-toplevel [6ms]
2024-05-24 12:11:11.315 [info] > git config --get commit.template [13ms]
2024-05-24 12:11:11.315 [info] > git status -z -uall [35ms]
2024-05-24 12:11:11.315 [info] > git for-each-ref --format=%(refname)%00%(upstream:short)%00%(objectname)%00%(upstream:track)%00%(upstream:remotename)%00%(upstream:remoteref) refs/heads/master refs/remotes/master [20ms]
2024-05-24 12:11:11.315 [info] > git rev-parse --show-toplevel [50ms]
2024-05-24 12:11:11.315 [info] > git merge-base refs/heads/test-brian refs/remotes/origin/test-brian [36ms]
2024-05-24 12:11:11.316 [info] > git rev-parse --show-toplevel [19ms]
2024-05-24 12:11:11.317 [info] > git config --get commit.template [27ms]
2024-05-24 12:11:11.352 [info] > git rev-list --count --left-right refs/heads/test-brian...refs/remotes/origin/test-brian [37ms]
2024-05-24 12:11:11.469 [info] > git status -z -uall [16ms]
2024-05-24 12:11:11.469 [info] > git diff --name-status -z --diff-filter=ADMR a7edb5686e83fb0e36b247dee8527247ebb32388...refs/remotes/origin/test-brian [108ms]
2024-05-24 12:11:11.469 [info] > git rev-parse --show-toplevel [118ms]
2024-05-24 12:11:11.474 [info] > git for-each-ref --format=%(refname)%00%(upstream:short)%00%(objectname)%00%(upstream:track)%00%(upstream:remotename)%00%(upstream:remoteref) refs/heads/test-brian refs/remotes/test-brian [12ms]
2024-05-24 12:11:12.374 [info] > git check-ignore -v -z --stdin [26ms]
2024-05-24 12:11:12.374 [info] > git check-ignore -v -z --stdin [18ms]
2024-05-24 12:11:12.375 [info] > git merge-base refs/heads/master refs/remotes/origin/master [888ms]
2024-05-24 12:11:12.665 [info] > git rev-list --count --left-right refs/heads/master...refs/remotes/origin/master [281ms]
2024-05-24 12:11:12.675 [info] > git config --get commit.template [309ms]
2024-05-24 12:11:12.757 [info] > git diff --name-status -z --diff-filter=ADMR a3c4001d02b2b3448555d00c907bfb021aede6de...refs/remotes/origin/master [82ms]
2024-05-24 12:11:12.802 [info] > git status -z -uall [23ms]
2024-05-24 12:11:12.809 [info] > git for-each-ref --format=%(refname)%00%(upstream:short)%00%(objectname)%00%(upstream:track)%00%(upstream:remotename)%00%(upstream:remoteref) refs/heads/master refs/remotes/master [21ms]
2024-05-24 12:11:12.833 [info] > git status -z -uall [11ms]
2024-05-24 12:11:12.966 [info] > git check-ignore -v -z --stdin [8ms]
2024-05-24 12:11:14.247 [info] > git check-ignore -v -z --stdin [3ms]
2024-05-24 12:11:15.066 [info] > git show --textconv :jenkins/deploy_kafka.groovy [21ms]
2024-05-24 12:11:15.066 [info] > git ls-files --stage -- /home/brian/repos-geocom/kafka-deploy-oxxo/jenkins/deploy_kafka.groovy [10ms]
2024-05-24 12:11:15.080 [info] > git cat-file -s 42ace0c047d89c6801f5308a3ae3428643f54c08 [5ms]
2024-05-24 13:33:13.659 [info] > git check-ignore -v -z --stdin [2ms]
