2024-05-24 15:29:23.454 [info] Extension host with pid 69441 started
2024-05-24 15:29:23.455 [info] Skipping acquiring lock for /home/brian/.config/Code/User/workspaceStorage/9574afe31537e50a70c94286d13b584d.
2024-05-24 15:29:23.828 [info] ExtensionService#_doActivateExtension mongodb.mongodb-vscode, startup: false, activationEvent: 'onLanguage:plaintext'
2024-05-24 15:29:25.096 [info] ExtensionService#_doActivateExtension vscode.emmet, startup: false, activationEvent: 'onLanguage'
2024-05-24 15:29:25.105 [info] ExtensionService#_doActivateExtension ivory-lab.jenkinsfile-support, startup: false, activationEvent: 'onLanguage:jenkinsfile'
2024-05-24 15:29:25.184 [info] ExtensionService#_doActivateExtension recode4dev.jenkinsfile, startup: false, activationEvent: 'onLanguage:jenkinsfile'
2024-05-24 15:29:25.462 [info] ExtensionService#_doActivateExtension vscode.git-base, startup: true, activationEvent: '*', root cause: vscode.git
2024-05-24 15:29:25.466 [info] ExtensionService#_doActivateExtension arturock.gitstash, startup: true, activationEvent: '*'
2024-05-24 15:29:25.476 [info] ExtensionService#_doActivateExtension christian-kohler.path-intellisense, startup: true, activationEvent: '*'
2024-05-24 15:29:25.496 [info] ExtensionService#_doActivateExtension formulahendry.auto-rename-tag, startup: true, activationEvent: '*'
2024-05-24 15:29:25.508 [info] ExtensionService#_doActivateExtension huizhou.githd, startup: true, activationEvent: '*'
2024-05-24 15:29:25.529 [info] ExtensionService#_doActivateExtension mhutchie.git-graph, startup: true, activationEvent: '*'
2024-05-24 15:29:25.565 [info] ExtensionService#_doActivateExtension oderwat.indent-rainbow, startup: true, activationEvent: '*'
2024-05-24 15:29:25.568 [info] ExtensionService#_doActivateExtension SirTori.indenticator, startup: true, activationEvent: '*'
2024-05-24 15:29:25.846 [info] ExtensionService#_doActivateExtension vscode.git, startup: true, activationEvent: '*'
2024-05-24 15:29:25.907 [info] ExtensionService#_doActivateExtension vscode.github, startup: true, activationEvent: '*'
2024-05-24 15:29:26.244 [info] Eager extensions activated
2024-05-24 15:29:26.477 [info] ExtensionService#_doActivateExtension vscode.debug-auto-launch, startup: false, activationEvent: 'onStartupFinished'
2024-05-24 15:29:26.483 [info] ExtensionService#_doActivateExtension vscode.merge-conflict, startup: false, activationEvent: 'onStartupFinished'
2024-05-24 15:29:26.520 [info] ExtensionService#_doActivateExtension aaron-bond.better-comments, startup: false, activationEvent: 'onStartupFinished'
2024-05-24 15:29:26.530 [info] ExtensionService#_doActivateExtension alefragnani.project-manager, startup: false, activationEvent: 'onStartupFinished'
2024-05-24 15:29:26.555 [info] ExtensionService#_doActivateExtension dbaeumer.vscode-eslint, startup: false, activationEvent: 'onStartupFinished'
2024-05-24 15:29:26.570 [info] ExtensionService#_doActivateExtension dsznajder.es7-react-js-snippets, startup: false, activationEvent: 'onStartupFinished'
2024-05-24 15:29:26.959 [info] ExtensionService#_doActivateExtension eamodio.gitlens, startup: false, activationEvent: 'onStartupFinished'
2024-05-24 15:29:27.016 [info] ExtensionService#_doActivateExtension esbenp.prettier-vscode, startup: false, activationEvent: 'onStartupFinished'
2024-05-24 15:29:27.086 [info] ExtensionService#_doActivateExtension naumovs.color-highlight, startup: false, activationEvent: 'onStartupFinished'
2024-05-24 15:29:27.175 [info] ExtensionService#_doActivateExtension PascalReitermann93.vscode-yaml-sort, startup: false, activationEvent: 'onStartupFinished'
2024-05-24 15:29:27.262 [info] ExtensionService#_doActivateExtension PKief.material-icon-theme, startup: false, activationEvent: 'onStartupFinished'
2024-05-24 15:29:27.276 [info] ExtensionService#_doActivateExtension Supermaven.supermaven, startup: false, activationEvent: 'onStartupFinished'
2024-05-24 15:29:27.291 [info] ExtensionService#_doActivateExtension usernamehw.errorlens, startup: false, activationEvent: 'onStartupFinished'
2024-05-24 15:29:27.301 [info] ExtensionService#_doActivateExtension waderyan.gitblame, startup: false, activationEvent: 'onStartupFinished'
2024-05-24 15:29:27.306 [info] ExtensionService#_doActivateExtension zhuangtongfa.material-theme, startup: false, activationEvent: 'onStartupFinished'
2024-05-24 15:29:27.321 [info] ExtensionService#_doActivateExtension zjffun.snippetsmanager, startup: false, activationEvent: 'onStartupFinished'
2024-05-24 15:29:28.107 [info] ExtensionService#_doActivateExtension vscode.github-authentication, startup: false, activationEvent: 'onAuthenticationRequest:github'
2024-05-24 15:29:29.155 [info] ExtensionService#_doActivateExtension Maarti.jenkins-doc, startup: false, activationEvent: 'onLanguage:groovy'
2024-05-24 15:49:26.136 [warning] TextEditor is closed/disposed
2024-05-24 16:17:14.181 [info] ExtensionService#_doActivateExtension vscode.npm, startup: false, activationEvent: 'onTerminalQuickFixRequest:ms-vscode.npm-command'
2024-05-24 16:32:16.272 [warning] TextEditor is closed/disposed
2024-05-24 17:01:12.862 [warning] TextEditor is closed/disposed
