2024-05-24 11:51:24.166 [info] Added views:workbench.panel.markers.view in workbench.panel.markers
2024-05-24 11:51:24.167 [info] Added views:workbench.panel.output in workbench.panel.output
2024-05-24 11:51:24.167 [info] Added views:terminal in terminal
2024-05-24 11:51:24.167 [info] Added views:outline in workbench.view.explorer
2024-05-24 11:51:24.167 [info] Added views:workbench.scm in workbench.view.scm
2024-05-24 11:51:24.167 [info] Added views:workbench.view.search in workbench.view.search
2024-05-24 11:51:24.167 [info] Added views:timeline in workbench.view.explorer
2024-05-24 11:51:24.167 [info] Added views:workbench.explorer.fileView in workbench.view.explorer
2024-05-24 11:51:24.466 [info] Added views:workbench.debug.welcome in workbench.view.debug
2024-05-24 11:51:25.320 [info] Added views:projectsExplorerFavorites,projectManagerHelpAndFeedback in workbench.view.extension.project-manager
2024-05-24 11:51:25.321 [info] Added views:workspaceEnvironments,pythonEnvironments in workbench.view.extension.package-explorer
2024-05-24 11:51:25.322 [info] Added views:gitlens.views.home,gitlens.views.workspaces,gitlens.views.account in workbench.view.extension.gitlens
2024-05-24 11:51:25.323 [info] Added views:gitlens.views.commitDetails,gitlens.views.lineHistory,gitlens.views.fileHistory,gitlens.views.searchAndCompare in workbench.view.extension.gitlensInspect
2024-05-24 11:51:25.324 [info] Added views:gitlens.views.commits,gitlens.views.branches,gitlens.views.remotes,gitlens.views.stashes,gitlens.views.tags,gitlens.views.contributors in workbench.view.scm
2024-05-24 11:51:25.325 [info] Added views:terraform.providers,terraform.modules in workbench.view.extension.terraform
2024-05-24 11:51:25.326 [info] Added views:terraform.cloud.workspaces,terraform.cloud.runs in workbench.view.extension.terraform-cloud
2024-05-24 11:51:25.327 [info] Added views:mongoDBConnectionExplorer,mongoDBPlaygroundsExplorer,mongoDBHelpExplorer in workbench.view.extension.mongoDB
2024-05-24 11:51:25.328 [info] Added views:dockerContainers,dockerImages,dockerRegistries,dockerNetworks,dockerVolumes,vscode-docker.views.dockerContexts,vscode-docker.views.help in workbench.view.extension.dockerView
2024-05-24 11:51:25.329 [info] Added views:thunder-client-sidebar in workbench.view.extension.thunder-client
2024-05-24 11:51:25.329 [info] Added views:ansible-creator,lightspeed-explorer-webview,lightspeed-feedback-webview in workbench.view.extension.ansible-explorer
2024-05-24 11:51:25.330 [info] Added views:snippetsmanager-snippetsView-WorkspaceSnippetsExplorerView,snippetsmanager-snippetsView-UserSnippetsExplorerView,snippetsmanager-snippetsView-ExtensionSnippetsExplorerView,snippetsmanager-snippetsView-HelpAndFeedback in workbench.view.extension.snippetsmanager-snippetsView
2024-05-24 11:51:25.665 [info] Added views:workbench.panel.repl.view in workbench.panel.repl
2024-05-24 11:51:26.132 [info] Added views:~remote.forwardedPorts in ~remote.forwardedPortsContainer
2024-05-24 11:51:27.637 [info] Added views:gitstash.explorer in workbench.view.scm
2024-05-24 11:51:27.695 [info] Added views:committedFiles in workbench.view.extension.githd-explorer
2024-05-24 11:51:28.014 [info] Added views:workbench.view.testing in workbench.view.extension.test
2024-05-24 11:51:29.555 [info] Added views:projectsExplorerGit in workbench.view.extension.project-manager
2024-05-24 11:51:29.902 [info] Added views:gitlens.views.drafts in workbench.view.extension.gitlens
2024-05-24 11:51:30.626 [info] Added views:gitlens.views.graph,gitlens.views.graphDetails in workbench.view.extension.gitlensPanel
2024-05-24 11:51:30.627 [info] Added views:gitlens.views.timeline in workbench.view.extension.gitlensInspect
2024-05-24 11:51:30.629 [info] Added views:gitlens.views.worktrees in workbench.view.scm
2024-05-24 15:29:11.792 [info] Removed views:workbench.view.testing from workbench.view.extension.test
