2024-05-24 13:47:35.958 [info] 2024-05-24T16:47:35.563Z extension INFO  Activating extension... [
  {
    id: 'mongodb.mongodb-vscode',
    version: '1.6.0',
    mode: 'Production',
    kind: 'UI',
    extensionPath: '/home/brian/.vscode/extensions/mongodb.mongodb-vscode-1.6.0',
    logPath: '/home/brian/.config/Code/logs/20240524T115123/window5/exthost/mongodb.mongodb-vscode',
    workspaceStoragePath: '/home/brian/.config/Code/User/workspaceStorage/f3f7529ecfab4e718a0c508b22e52747/mongodb.mongodb-vscode',
    globalStoragePath: '/home/brian/.config/Code/User/globalStorage/mongodb.mongodb-vscode',
    defaultConnectionSavingLocation: 'Global',
    buildInfo: {
      nodeVersion: 'v18.18.2',
      runtimePlatform: 'linux',
      runtimeArch: 'x64'
    }
  }
]

2024-05-24 13:47:35.958 [info] 2024-05-24T16:47:35.564Z telemetry INFO  SegmentKey was found [ { type: 'string' } ]

2024-05-24 13:47:35.958 [info] 2024-05-24T16:47:35.568Z language server controller INFO  Creating MongoDB Language Server... [
  {
    extensionPath: '/home/brian/.vscode/extensions/mongodb.mongodb-vscode-1.6.0',
    languageServer: {
      id: 'mongodbLanguageServer',
      name: 'MongoDB Language Server',
      path: '/home/brian/.vscode/extensions/mongodb.mongodb-vscode-1.6.0/dist/languageServer.js',
      documentSelector: '[{"pattern":"**/*.mongodb.js"},{"pattern":"**/*.mongodb"}]'
    }
  }
]

2024-05-24 13:47:35.958 [info] 2024-05-24T16:47:35.581Z telemetry INFO  Segment analytics activated [ { anonymousId: '7b3fcc91-20b6-4d29-b164-5294cecbd4cb' } ]

2024-05-24 13:47:35.958 [info] 2024-05-24T16:47:35.581Z language server controller INFO  Starting the language server... []

2024-05-24 13:47:36.678 [info] 2024-05-24T16:47:36.678Z language server controller INFO  MongoDBService initialized. Sending default settings... {"extensionPath":"/home/brian/.vscode/extensions/mongodb.mongodb-vscode-1.6.0","connectionId":null,"hasConnectionString":false,"hasConnectionOptions":false} []

2024-05-24 15:29:12.522 [info] 2024-05-24T18:29:12.493Z extension INFO  Deactivating extension... []

2024-05-24 15:29:12.522 [info] 2024-05-24T18:29:12.494Z connection controller INFO  Disconnect called, currently connected to [ null ]

2024-05-24 15:29:12.522 [info] 2024-05-24T18:29:12.495Z language server controller INFO  Changing MongoDBService active connection... [ { connectionId: null } ]

2024-05-24 15:29:12.522 [info] 2024-05-24T18:29:12.500Z connection controller INFO  Disconnect called, currently connected to [ null ]

2024-05-24 15:29:12.522 [info] 2024-05-24T18:29:12.500Z language server controller INFO  Changing MongoDBService active connection... [ { connectionId: null } ]

2024-05-24 15:29:12.522 [info] 2024-05-24T18:29:12.522Z language server controller INFO  Deactivating the language server... []

2024-05-24 15:29:12.522 [info] 2024-05-24T18:29:12.522Z language server controller INFO  Deactivating the language server... []

