00:00:00.001047 main     VirtualBox XPCOM Server 7.0.16 r162802 linux.amd64 (Apr 12 2024 18:56:22) release log
00:00:00.001054 main     Log opened 2024-05-09T13:01:37.576301000Z
00:00:00.001055 main     Build Type: release
00:00:00.001062 main     OS Product: Linux
00:00:00.001063 main     OS Release: 6.1.0-20-amd64
00:00:00.001064 main     OS Version: #1 SMP PREEMPT_DYNAMIC Debian 6.1.85-1 (2024-04-11)
00:00:00.001118 main     DMI Product Name: Inspiron 3505
00:00:00.001133 main     DMI Product Version: 1.13.0
00:00:00.001148 main     Firmware type: UEFI
00:00:00.001746 main     Secure Boot: Disabled
00:00:00.001923 main     Host RAM: 13860MB (13.5GB) total, 9494MB (9.2GB) available
00:00:00.001932 main     Executable: /usr/lib/virtualbox/VBoxSVC
00:00:00.001932 main     Process ID: 9110
00:00:00.001933 main     Package type: LINUX_64BITS_DEBIAN_12_0
00:00:00.004126 main     IPC socket path: /tmp/.vbox-brian-ipc/ipcd
00:00:00.111818 nspr-2   VirtualBox: object creation starts
00:00:00.113143 nspr-2   Home directory: '/home/brian/.config/VirtualBox'
00:00:00.113636 nspr-2   Loading settings file "/home/brian/.config/VirtualBox/VirtualBox.xml" with version "1.12-linux"
00:00:00.145161 nspr-2   HostDnsMonitor: initializing
00:00:00.145720 nspr-2   NAT: resolv.conf: nameserver 172.24.230.10
00:00:00.145743 nspr-2   NAT: resolv.conf: nameserver 172.24.230.11
00:00:00.145785 nspr-2   HostDnsMonitor: updating information
00:00:00.145814 nspr-2   HostDnsMonitor: old information
00:00:00.145823 nspr-2     no server entries
00:00:00.145832 nspr-2     no domain set
00:00:00.145840 nspr-2     no search string entries
00:00:00.145848 nspr-2   HostDnsMonitor: new information
00:00:00.145856 nspr-2     server 1: 172.24.230.10
00:00:00.145864 nspr-2     server 2: 172.24.230.11
00:00:00.145872 nspr-2     domain: geocom.com.uy
00:00:00.145880 nspr-2     search string 1: geocom.com.uy
00:00:00.152961 nspr-2   VD: VDInit finished with VINF_SUCCESS
00:00:00.155767 nspr-2   VirtualBox: object created
00:00:00.254378 nspr-4   Saving settings file "/home/brian/.config/VirtualBox/VirtualBox.xml" with version "1.12-linux"
00:00:00.257851 nspr-4   Finished saving settings file "/home/brian/.config/VirtualBox/VirtualBox.xml"
00:00:00.258396 nspr-4   Saving settings file "/home/brian/.config/VirtualBox/VirtualBox.xml" with version "1.12-linux"
00:00:00.260179 nspr-4   Finished saving settings file "/home/brian/.config/VirtualBox/VirtualBox.xml"
00:00:00.260424 nspr-4   Saving settings file "/home/brian/.config/VirtualBox/VirtualBox.xml" with version "1.12-linux"
00:00:00.262236 nspr-4   Finished saving settings file "/home/brian/.config/VirtualBox/VirtualBox.xml"
00:00:01.192093 nspr-3   WARNING [COM]: aRC=NS_ERROR_FAILURE (0x80004005) aIID={e54f6256-97a7-4947-8a78-10c013ddf4b8} aComponent={HostWrap} aText={VirtualBox is not currently allowed to access USB devices.  You can change this by adding your user to the 'vboxusers' group.  Please see the user manual for a more detailed explanation}, preserve=false aResultDetail=0
00:00:01.615036 nspr-2   Saving settings file "/home/brian/.config/VirtualBox/VirtualBox.xml" with version "1.12-linux"
00:00:01.617385 nspr-2   Finished saving settings file "/home/brian/.config/VirtualBox/VirtualBox.xml"
00:00:10.313923 main     VirtualBox: object deletion starts
00:00:10.314584 main     HostDnsMonitor: shutting down ...
00:00:10.314839 main     HostDnsMonitor: shut down
00:00:10.325665 Watcher  ERROR [COM]: aRC=E_ACCESSDENIED (0x80070005) aIID={7682d5eb-f00e-44f1-8ca2-99d08b1cd607} aComponent={VirtualBoxWrap} aText={The object is not ready}, preserve=false aResultDetail=0
00:00:10.325831 main     VirtualBox: object deleted
