2024-05-24 12:00:03.225 [info] Log level: Info
2024-05-24 12:00:03.225 [info] Validating found git in: "git"
2024-05-24 12:00:03.225 [info] Using git "2.39.2" from "git"
2024-05-24 12:00:03.225 [info] > git rev-parse --show-toplevel [17ms]
2024-05-24 12:00:03.225 [info] fatal: not a git repository (or any of the parent directories): .git
2024-05-24 12:00:03.225 [info] > git rev-parse --show-toplevel [5ms]
2024-05-24 12:00:03.225 [info] fatal: not a git repository (or any of the parent directories): .git
2024-05-24 12:00:03.226 [info] > git rev-parse --show-toplevel [1ms]
2024-05-24 12:00:03.226 [info] fatal: not a git repository (or any of the parent directories): .git
2024-05-24 12:00:03.237 [info] > git rev-parse --show-toplevel [2ms]
2024-05-24 12:00:03.237 [info] fatal: not a git repository (or any of the parent directories): .git
2024-05-24 12:00:03.246 [info] > git rev-parse --show-toplevel [3ms]
2024-05-24 12:00:03.246 [info] fatal: not a git repository (or any of the parent directories): .git
2024-05-24 12:00:03.255 [info] > git rev-parse --show-toplevel [2ms]
2024-05-24 12:00:03.255 [info] fatal: not a git repository (or any of the parent directories): .git
2024-05-24 12:00:03.266 [info] > git rev-parse --show-toplevel [2ms]
2024-05-24 12:00:03.266 [info] fatal: not a git repository (or any of the parent directories): .git
2024-05-24 12:00:03.280 [info] > git rev-parse --show-toplevel [3ms]
2024-05-24 12:00:03.280 [info] fatal: not a git repository (or any of the parent directories): .git
2024-05-24 12:00:04.313 [info] > git rev-parse --show-toplevel [98ms]
2024-05-24 12:00:04.314 [info] fatal: not a git repository (or any of the parent directories): .git
2024-05-24 12:00:09.715 [info] > git rev-parse --show-toplevel [8ms]
2024-05-24 12:00:09.715 [info] fatal: not a git repository (or any of the parent directories): .git
