2024-05-24 13:47:36.647 [info] Log level: Info
2024-05-24 13:47:36.647 [info] Validating found git in: "git"
2024-05-24 13:47:36.647 [info] Using git "2.39.2" from "git"
2024-05-24 13:47:36.647 [info] > git rev-parse --show-toplevel [71ms]
2024-05-24 13:47:36.647 [info] > git rev-parse --git-dir --git-common-dir [7ms]
2024-05-24 13:47:36.647 [info] Open repository: /home/brian/repos-geocom/kafka-deploy-oxxo
2024-05-24 13:47:36.659 [info] > git rev-parse --show-toplevel [24ms]
2024-05-24 13:47:36.661 [info] > git config --get commit.template [34ms]
2024-05-24 13:47:36.698 [info] > git rev-parse --show-toplevel [21ms]
2024-05-24 13:47:36.715 [info] > git for-each-ref --format=%(refname)%00%(upstream:short)%00%(objectname)%00%(upstream:track)%00%(upstream:remotename)%00%(upstream:remoteref) refs/heads/test-brian refs/remotes/test-brian [20ms]
2024-05-24 13:47:36.719 [info] > git rev-parse --show-toplevel [5ms]
2024-05-24 13:47:37.258 [info] > git rev-parse --git-dir --git-common-dir [522ms]
2024-05-24 13:47:37.264 [info] Open repository: /home/brian/repos-geocom/kafka-deploy-oxxo/Environments
2024-05-24 13:47:37.879 [info] > git status -z -uall [191ms]
2024-05-24 13:47:37.907 [info] > git rev-parse --show-toplevel [198ms]
2024-05-24 13:47:37.908 [info] > git config --get commit.template [208ms]
2024-05-24 13:47:37.976 [info] > git merge-base refs/heads/test-brian refs/remotes/origin/test-brian [51ms]
2024-05-24 13:47:38.032 [info] > git rev-list --count --left-right refs/heads/test-brian...refs/remotes/origin/test-brian [44ms]
2024-05-24 13:47:38.045 [info] > git config --get commit.template [71ms]
2024-05-24 13:47:38.045 [info] > git rev-parse --show-toplevel [83ms]
2024-05-24 13:47:38.138 [info] > git diff --name-status -z --diff-filter=ADMR a7edb5686e83fb0e36b247dee8527247ebb32388...refs/remotes/origin/test-brian [94ms]
2024-05-24 13:47:38.139 [info] > git for-each-ref --format=%(refname)%00%(upstream:short)%00%(objectname)%00%(upstream:track)%00%(upstream:remotename)%00%(upstream:remoteref) refs/heads/master refs/remotes/master [121ms]
2024-05-24 13:47:38.196 [info] > git rev-parse --show-toplevel [65ms]
2024-05-24 13:47:38.246 [info] > git check-ignore -v -z --stdin [87ms]
2024-05-24 13:47:38.247 [info] > git check-ignore -v -z --stdin [77ms]
2024-05-24 13:47:38.249 [info] > git for-each-ref --format=%(refname)%00%(upstream:short)%00%(objectname)%00%(upstream:track)%00%(upstream:remotename)%00%(upstream:remoteref) refs/heads/test-brian refs/remotes/test-brian [66ms]
2024-05-24 13:47:38.276 [info] > git rev-parse --show-toplevel [36ms]
2024-05-24 13:47:38.310 [info] > git status -z -uall [16ms]
2024-05-24 13:47:38.344 [info] > git status -z -uall [35ms]
2024-05-24 13:47:38.344 [info] > git merge-base refs/heads/master refs/remotes/origin/master [21ms]
2024-05-24 13:47:38.370 [info] > git rev-list --count --left-right refs/heads/master...refs/remotes/origin/master [15ms]
2024-05-24 13:47:38.380 [info] > git config --get commit.template [36ms]
2024-05-24 13:47:38.428 [info] > git diff --name-status -z --diff-filter=ADMR a3c4001d02b2b3448555d00c907bfb021aede6de...refs/remotes/origin/master [49ms]
2024-05-24 13:47:38.548 [info] > git for-each-ref --format=%(refname)%00%(upstream:short)%00%(objectname)%00%(upstream:track)%00%(upstream:remotename)%00%(upstream:remoteref) refs/heads/master refs/remotes/master [4ms]
2024-05-24 13:47:38.651 [info] > git status -z -uall [42ms]
2024-05-24 13:47:39.879 [info] > git show --textconv :jenkins/deploy_kafka.groovy [14ms]
2024-05-24 13:47:39.886 [info] > git ls-files --stage -- /home/brian/repos-geocom/kafka-deploy-oxxo/jenkins/deploy_kafka.groovy [7ms]
2024-05-24 13:47:39.911 [info] > git cat-file -s 42ace0c047d89c6801f5308a3ae3428643f54c08 [9ms]
