2024-05-24 12:00:01.264 [info] Added views:workbench.panel.markers.view in workbench.panel.markers
2024-05-24 12:00:01.264 [info] Added views:workbench.panel.output in workbench.panel.output
2024-05-24 12:00:01.264 [info] Added views:terminal in terminal
2024-05-24 12:00:01.264 [info] Added views:outline in workbench.view.explorer
2024-05-24 12:00:01.264 [info] Added views:workbench.scm in workbench.view.scm
2024-05-24 12:00:01.264 [info] Added views:workbench.view.search in workbench.view.search
2024-05-24 12:00:01.264 [info] Added views:timeline in workbench.view.explorer
2024-05-24 12:00:01.264 [info] Added views:workbench.explorer.fileView in workbench.view.explorer
2024-05-24 12:00:01.906 [info] Added views:projectsExplorerFavorites,projectManagerHelpAndFeedback in workbench.view.extension.project-manager
2024-05-24 12:00:01.907 [info] Added views:workspaceEnvironments,pythonEnvironments in workbench.view.extension.package-explorer
2024-05-24 12:00:01.907 [info] Added views:gitlens.views.home,gitlens.views.workspaces,gitlens.views.account in workbench.view.extension.gitlens
2024-05-24 12:00:01.908 [info] Added views:gitlens.views.commitDetails,gitlens.views.lineHistory,gitlens.views.fileHistory,gitlens.views.searchAndCompare in workbench.view.extension.gitlensInspect
2024-05-24 12:00:01.910 [info] Added views:gitlens.views.commits,gitlens.views.branches,gitlens.views.remotes,gitlens.views.stashes,gitlens.views.tags,gitlens.views.contributors in workbench.view.scm
2024-05-24 12:00:01.910 [info] Added views:terraform.providers,terraform.modules in workbench.view.extension.terraform
2024-05-24 12:00:01.912 [info] Added views:terraform.cloud.workspaces,terraform.cloud.runs in workbench.view.extension.terraform-cloud
2024-05-24 12:00:01.913 [info] Added views:mongoDBConnectionExplorer,mongoDBPlaygroundsExplorer,mongoDBHelpExplorer in workbench.view.extension.mongoDB
2024-05-24 12:00:01.914 [info] Added views:dockerContainers,dockerImages,dockerRegistries,dockerNetworks,dockerVolumes,vscode-docker.views.dockerContexts,vscode-docker.views.help in workbench.view.extension.dockerView
2024-05-24 12:00:01.914 [info] Added views:thunder-client-sidebar in workbench.view.extension.thunder-client
2024-05-24 12:00:01.915 [info] Added views:ansible-creator,lightspeed-explorer-webview,lightspeed-feedback-webview in workbench.view.extension.ansible-explorer
2024-05-24 12:00:01.916 [info] Added views:snippetsmanager-snippetsView-WorkspaceSnippetsExplorerView,snippetsmanager-snippetsView-UserSnippetsExplorerView,snippetsmanager-snippetsView-ExtensionSnippetsExplorerView,snippetsmanager-snippetsView-HelpAndFeedback in workbench.view.extension.snippetsmanager-snippetsView
2024-05-24 12:00:02.571 [info] Added views:workbench.debug.welcome in workbench.view.debug
2024-05-24 12:00:02.685 [info] Added views:workbench.panel.repl.view in workbench.panel.repl
2024-05-24 12:00:03.481 [info] Added views:~remote.forwardedPorts in ~remote.forwardedPortsContainer
2024-05-24 12:00:04.054 [info] Added views:projectsExplorerGit in workbench.view.extension.project-manager
2024-05-24 12:00:04.072 [info] Removed views:gitlens.views.searchAndCompare,gitlens.views.fileHistory,gitlens.views.lineHistory,gitlens.views.commitDetails from workbench.view.extension.gitlensInspect
2024-05-24 12:00:04.075 [info] Removed views:gitlens.views.contributors,gitlens.views.tags,gitlens.views.stashes,gitlens.views.remotes,gitlens.views.branches,gitlens.views.commits from workbench.view.scm
2024-05-24 12:00:04.239 [info] Added views:gitlens.views.drafts in workbench.view.extension.gitlens
2024-05-24 12:00:10.766 [info] Added views:workbench.view.testing in workbench.view.extension.test
2024-05-24 13:23:01.608 [info] Removed views:workbench.view.testing from workbench.view.extension.test
