2024-05-24 15:29:22.209 [info] Added views:workbench.panel.markers.view in workbench.panel.markers
2024-05-24 15:29:22.209 [info] Added views:workbench.panel.output in workbench.panel.output
2024-05-24 15:29:22.209 [info] Added views:terminal in terminal
2024-05-24 15:29:22.209 [info] Added views:outline in workbench.view.explorer
2024-05-24 15:29:22.209 [info] Added views:workbench.scm in workbench.view.scm
2024-05-24 15:29:22.209 [info] Added views:workbench.view.search in workbench.view.search
2024-05-24 15:29:22.209 [info] Added views:timeline in workbench.view.explorer
2024-05-24 15:29:22.209 [info] Added views:workbench.explorer.fileView in workbench.view.explorer
2024-05-24 15:29:22.561 [info] Added views:workbench.debug.welcome in workbench.view.debug
2024-05-24 15:29:23.111 [info] Added views:projectsExplorerFavorites,projectManagerHelpAndFeedback in workbench.view.extension.project-manager
2024-05-24 15:29:23.112 [info] Added views:workspaceEnvironments,pythonEnvironments in workbench.view.extension.package-explorer
2024-05-24 15:29:23.113 [info] Added views:gitlens.views.home,gitlens.views.workspaces,gitlens.views.account in workbench.view.extension.gitlens
2024-05-24 15:29:23.114 [info] Added views:gitlens.views.commitDetails,gitlens.views.lineHistory,gitlens.views.fileHistory,gitlens.views.searchAndCompare in workbench.view.extension.gitlensInspect
2024-05-24 15:29:23.116 [info] Added views:gitlens.views.commits,gitlens.views.branches,gitlens.views.remotes,gitlens.views.stashes,gitlens.views.tags,gitlens.views.contributors in workbench.view.scm
2024-05-24 15:29:23.117 [info] Added views:terraform.providers,terraform.modules in workbench.view.extension.terraform
2024-05-24 15:29:23.118 [info] Added views:terraform.cloud.workspaces,terraform.cloud.runs in workbench.view.extension.terraform-cloud
2024-05-24 15:29:23.119 [info] Added views:mongoDBConnectionExplorer,mongoDBPlaygroundsExplorer,mongoDBHelpExplorer in workbench.view.extension.mongoDB
2024-05-24 15:29:23.120 [info] Added views:dockerContainers,dockerImages,dockerRegistries,dockerNetworks,dockerVolumes,vscode-docker.views.dockerContexts,vscode-docker.views.help in workbench.view.extension.dockerView
2024-05-24 15:29:23.121 [info] Added views:thunder-client-sidebar in workbench.view.extension.thunder-client
2024-05-24 15:29:23.122 [info] Added views:ansible-creator,lightspeed-explorer-webview,lightspeed-feedback-webview in workbench.view.extension.ansible-explorer
2024-05-24 15:29:23.123 [info] Added views:snippetsmanager-snippetsView-WorkspaceSnippetsExplorerView,snippetsmanager-snippetsView-UserSnippetsExplorerView,snippetsmanager-snippetsView-ExtensionSnippetsExplorerView,snippetsmanager-snippetsView-HelpAndFeedback in workbench.view.extension.snippetsmanager-snippetsView
2024-05-24 15:29:23.836 [info] Added views:workbench.panel.repl.view in workbench.panel.repl
2024-05-24 15:29:26.048 [info] Added views:gitstash.explorer in workbench.view.scm
2024-05-24 15:29:26.191 [info] Added views:committedFiles in workbench.view.extension.githd-explorer
2024-05-24 15:29:27.811 [info] Added views:projectsExplorerGit in workbench.view.extension.project-manager
2024-05-24 15:29:28.005 [info] Added views:gitlens.views.drafts in workbench.view.extension.gitlens
2024-05-24 15:29:28.304 [info] Added views:gitlens.views.graph,gitlens.views.graphDetails in workbench.view.extension.gitlensPanel
2024-05-24 15:29:28.305 [info] Added views:gitlens.views.timeline in workbench.view.extension.gitlensInspect
2024-05-24 15:29:28.307 [info] Added views:gitlens.views.worktrees in workbench.view.scm
2024-05-24 15:29:28.730 [info] Added views:~remote.forwardedPorts in ~remote.forwardedPortsContainer
