2024-05-24 11:51:27.723 [info] 2024-05-24T14:51:26.952Z extension INFO  Activating extension... [
  {
    id: 'mongodb.mongodb-vscode',
    version: '1.6.0',
    mode: 'Production',
    kind: 'UI',
    extensionPath: '/home/brian/.vscode/extensions/mongodb.mongodb-vscode-1.6.0',
    logPath: '/home/brian/.config/Code/logs/20240524T115123/window1/exthost/mongodb.mongodb-vscode',
    workspaceStoragePath: '/home/brian/.config/Code/User/workspaceStorage/9574afe31537e50a70c94286d13b584d/mongodb.mongodb-vscode',
    globalStoragePath: '/home/brian/.config/Code/User/globalStorage/mongodb.mongodb-vscode',
    defaultConnectionSavingLocation: 'Global',
    buildInfo: {
      nodeVersion: 'v18.18.2',
      runtimePlatform: 'linux',
      runtimeArch: 'x64'
    }
  }
]

2024-05-24 11:51:27.723 [info] 2024-05-24T14:51:26.953Z telemetry INFO  SegmentKey was found [ { type: 'string' } ]

2024-05-24 11:51:27.723 [info] 2024-05-24T14:51:26.956Z language server controller INFO  Creating MongoDB Language Server... [
  {
    extensionPath: '/home/brian/.vscode/extensions/mongodb.mongodb-vscode-1.6.0',
    languageServer: {
      id: 'mongodbLanguageServer',
      name: 'MongoDB Language Server',
      path: '/home/brian/.vscode/extensions/mongodb.mongodb-vscode-1.6.0/dist/languageServer.js',
      documentSelector: '[{"pattern":"**/*.mongodb.js"},{"pattern":"**/*.mongodb"}]'
    }
  }
]

2024-05-24 11:51:27.723 [info] 2024-05-24T14:51:26.967Z telemetry INFO  Segment analytics activated [ { anonymousId: '7b3fcc91-20b6-4d29-b164-5294cecbd4cb' } ]

2024-05-24 11:51:27.723 [info] 2024-05-24T14:51:26.967Z language server controller INFO  Starting the language server... []

2024-05-24 11:51:27.962 [info] 2024-05-24T14:51:27.962Z language server controller INFO  MongoDBService initialized. Sending default settings... {"extensionPath":"/home/brian/.vscode/extensions/mongodb.mongodb-vscode-1.6.0","connectionId":null,"hasConnectionString":false,"hasConnectionOptions":false} []

2024-05-24 15:29:11.879 [info] 2024-05-24T18:29:11.845Z extension INFO  Deactivating extension... []

2024-05-24 15:29:11.879 [info] 2024-05-24T18:29:11.845Z connection controller INFO  Disconnect called, currently connected to [ null ]

2024-05-24 15:29:11.879 [info] 2024-05-24T18:29:11.847Z language server controller INFO  Changing MongoDBService active connection... [ { connectionId: null } ]

2024-05-24 15:29:11.879 [info] 2024-05-24T18:29:11.854Z connection controller INFO  Disconnect called, currently connected to [ null ]

2024-05-24 15:29:11.880 [info] 2024-05-24T18:29:11.854Z language server controller INFO  Changing MongoDBService active connection... [ { connectionId: null } ]

2024-05-24 15:29:11.886 [info] 2024-05-24T18:29:11.879Z language server controller INFO  Deactivating the language server... []

2024-05-24 15:29:11.886 [info] 2024-05-24T18:29:11.880Z language server controller INFO  Deactivating the language server... []

