2024-05-24 11:51:29.736 [info] Log level: Info
2024-05-24 11:51:29.736 [info] Validating found git in: "git"
2024-05-24 11:51:29.736 [info] Using git "2.39.2" from "git"
2024-05-24 11:51:29.736 [info] > git rev-parse --show-toplevel [75ms]
2024-05-24 11:51:29.736 [info] > git rev-parse --git-dir --git-common-dir [3ms]
2024-05-24 11:51:29.736 [info] Open repository: /home/brian/repos-geocom/vault-agent-geoswitch
2024-05-24 11:51:29.736 [info] > git config --get commit.template [10ms]
2024-05-24 11:51:29.736 [info] > git rev-parse --show-toplevel [4ms]
2024-05-24 11:51:29.736 [info] > git for-each-ref --format=%(refname)%00%(upstream:short)%00%(objectname)%00%(upstream:track)%00%(upstream:remotename)%00%(upstream:remoteref) refs/heads/master refs/remotes/master [10ms]
2024-05-24 11:51:29.736 [info] > git rev-parse --show-toplevel [2ms]
2024-05-24 11:51:29.736 [info] > git rev-parse --show-toplevel [13ms]
2024-05-24 11:51:29.736 [info] > git status -z -uall [23ms]
2024-05-24 11:51:29.736 [info] > git rev-parse --show-toplevel [7ms]
2024-05-24 11:51:29.736 [info] > git merge-base refs/heads/master refs/remotes/origin/master [50ms]
2024-05-24 11:51:29.736 [info] > git rev-list --count --left-right refs/heads/master...refs/remotes/origin/master [16ms]
2024-05-24 11:51:29.736 [info] > git config --get commit.template [36ms]
2024-05-24 11:51:29.736 [info] > git rev-parse --show-toplevel [45ms]
2024-05-24 11:51:29.736 [info] > git diff --name-status -z --diff-filter=ADMR fc017d841ab8ed712afc5af9191c40469132548c...refs/remotes/origin/master [1234ms]
2024-05-24 11:51:29.736 [info] > git rev-parse --show-toplevel [252ms]
2024-05-24 11:51:29.751 [info] > git show --textconv :ansible/playbook.yml [31ms]
2024-05-24 11:51:29.763 [info] > git ls-files --stage -- /home/brian/repos-geocom/vault-agent-geoswitch/ansible/playbook.yml [32ms]
2024-05-24 11:51:29.788 [info] > git for-each-ref --format=%(refname)%00%(upstream:short)%00%(objectname)%00%(upstream:track)%00%(upstream:remotename)%00%(upstream:remoteref) refs/heads/master refs/remotes/master [182ms]
2024-05-24 11:51:29.841 [info] > git cat-file -s caea899dafea4fea68ed439bb0fc609f0448ccaa [56ms]
2024-05-24 11:51:29.910 [info] > git status -z -uall [5ms]
2024-05-24 11:51:30.060 [info] > git check-ignore -v -z --stdin [23ms]
2024-05-24 11:51:35.778 [info] > git check-ignore -v -z --stdin [2ms]
2024-05-24 11:51:39.982 [info] > git config --get commit.template [11ms]
2024-05-24 11:51:39.984 [info] > git for-each-ref --format=%(refname)%00%(upstream:short)%00%(objectname)%00%(upstream:track)%00%(upstream:remotename)%00%(upstream:remoteref) refs/heads/master refs/remotes/master [3ms]
2024-05-24 11:51:39.998 [info] > git status -z -uall [3ms]
2024-05-24 11:51:43.665 [info] > git show --textconv :runPlaybook.bash [12ms]
2024-05-24 11:51:43.667 [info] > git ls-files --stage -- /home/brian/repos-geocom/vault-agent-geoswitch/runPlaybook.bash [3ms]
2024-05-24 11:51:43.693 [info] > git cat-file -s ad87947da001c66f182c39c23f1615318f7d980d [15ms]
2024-05-24 12:10:31.501 [info] > git config --get commit.template [13ms]
2024-05-24 12:10:31.503 [info] > git for-each-ref --format=%(refname)%00%(upstream:short)%00%(objectname)%00%(upstream:track)%00%(upstream:remotename)%00%(upstream:remoteref) refs/heads/master refs/remotes/master [3ms]
2024-05-24 12:10:31.519 [info] > git status -z -uall [4ms]
2024-05-24 12:12:09.470 [info] > git show --textconv :ansible/playbook.yml [12ms]
2024-05-24 12:12:09.472 [info] > git ls-files --stage -- /home/brian/repos-geocom/vault-agent-geoswitch/ansible/playbook.yml [3ms]
2024-05-24 12:12:09.495 [info] > git cat-file -s caea899dafea4fea68ed439bb0fc609f0448ccaa [13ms]
2024-05-24 12:15:19.727 [info] > git config --get commit.template [11ms]
2024-05-24 12:15:19.728 [info] > git for-each-ref --format=%(refname)%00%(upstream:short)%00%(objectname)%00%(upstream:track)%00%(upstream:remotename)%00%(upstream:remoteref) refs/heads/master refs/remotes/master [3ms]
2024-05-24 12:15:19.741 [info] > git status -z -uall [2ms]
2024-05-24 12:15:24.767 [info] > git config --get commit.template [12ms]
2024-05-24 12:15:24.769 [info] > git for-each-ref --format=%(refname)%00%(upstream:short)%00%(objectname)%00%(upstream:track)%00%(upstream:remotename)%00%(upstream:remoteref) refs/heads/master refs/remotes/master [3ms]
2024-05-24 12:15:24.782 [info] > git status -z -uall [3ms]
2024-05-24 12:16:51.303 [info] > git show --textconv :ansible/inventory.ini [13ms]
2024-05-24 12:16:51.305 [info] > git ls-files --stage -- /home/brian/repos-geocom/vault-agent-geoswitch/ansible/inventory.ini [3ms]
2024-05-24 12:16:51.328 [info] > git cat-file -s 0c105fb74e587b329658dd9d2d5350e0ff374c3b [13ms]
2024-05-24 12:17:57.213 [info] > git show --textconv :ansible/playbook.yml [15ms]
2024-05-24 12:17:57.215 [info] > git ls-files --stage -- /home/brian/repos-geocom/vault-agent-geoswitch/ansible/playbook.yml [3ms]
2024-05-24 12:17:57.246 [info] > git cat-file -s caea899dafea4fea68ed439bb0fc609f0448ccaa [19ms]
2024-05-24 12:17:58.566 [info] > git show --textconv :ansible/requirements.yml [11ms]
2024-05-24 12:17:58.581 [info] > git ls-files --stage -- /home/brian/repos-geocom/vault-agent-geoswitch/ansible/requirements.yml [15ms]
2024-05-24 12:17:58.594 [info] > git cat-file -s 13d11c4ce5d597bea5d9a51b24f369b6aa845dd5 [4ms]
2024-05-24 12:18:03.126 [info] > git show --textconv :ansible/playbook.yml [13ms]
2024-05-24 12:18:03.128 [info] > git ls-files --stage -- /home/brian/repos-geocom/vault-agent-geoswitch/ansible/playbook.yml [3ms]
2024-05-24 12:18:03.140 [info] > git cat-file -s caea899dafea4fea68ed439bb0fc609f0448ccaa [2ms]
2024-05-24 12:18:09.033 [info] > git show --textconv :ansible/inventory.ini [11ms]
2024-05-24 12:18:09.035 [info] > git ls-files --stage -- /home/brian/repos-geocom/vault-agent-geoswitch/ansible/inventory.ini [2ms]
2024-05-24 12:18:09.049 [info] > git cat-file -s 0c105fb74e587b329658dd9d2d5350e0ff374c3b [3ms]
2024-05-24 12:18:23.740 [info] > git show --textconv :ansible/playbook.yml [12ms]
2024-05-24 12:18:23.742 [info] > git ls-files --stage -- /home/brian/repos-geocom/vault-agent-geoswitch/ansible/playbook.yml [3ms]
2024-05-24 12:18:23.766 [info] > git cat-file -s caea899dafea4fea68ed439bb0fc609f0448ccaa [13ms]
2024-05-24 12:19:09.723 [info] > git show --textconv :ansible/requirements.yml [14ms]
2024-05-24 12:19:09.725 [info] > git ls-files --stage -- /home/brian/repos-geocom/vault-agent-geoswitch/ansible/requirements.yml [3ms]
2024-05-24 12:19:09.738 [info] > git cat-file -s 13d11c4ce5d597bea5d9a51b24f369b6aa845dd5 [3ms]
2024-05-24 12:19:32.554 [info] > git show --textconv :.envrc [13ms]
2024-05-24 12:19:32.556 [info] > git ls-files --stage -- /home/brian/repos-geocom/vault-agent-geoswitch/.envrc [4ms]
2024-05-24 12:19:43.350 [info] > git show --textconv :ansible/playbook.yml [11ms]
2024-05-24 12:19:43.352 [info] > git ls-files --stage -- /home/brian/repos-geocom/vault-agent-geoswitch/ansible/playbook.yml [3ms]
2024-05-24 12:19:43.363 [info] > git cat-file -s caea899dafea4fea68ed439bb0fc609f0448ccaa [2ms]
2024-05-24 12:19:44.318 [info] > git show --textconv :runPlaybook.bash [11ms]
2024-05-24 12:19:44.320 [info] > git ls-files --stage -- /home/brian/repos-geocom/vault-agent-geoswitch/runPlaybook.bash [2ms]
2024-05-24 12:19:44.334 [info] > git cat-file -s ad87947da001c66f182c39c23f1615318f7d980d [3ms]
2024-05-24 12:20:15.246 [info] > git show --textconv :ansible/inventory.ini [12ms]
2024-05-24 12:20:15.248 [info] > git ls-files --stage -- /home/brian/repos-geocom/vault-agent-geoswitch/ansible/inventory.ini [3ms]
2024-05-24 12:20:15.260 [info] > git cat-file -s 0c105fb74e587b329658dd9d2d5350e0ff374c3b [2ms]
2024-05-24 12:20:15.700 [info] > git show --textconv :ansible/playbook.yml [11ms]
2024-05-24 12:20:15.701 [info] > git ls-files --stage -- /home/brian/repos-geocom/vault-agent-geoswitch/ansible/playbook.yml [2ms]
2024-05-24 12:20:15.715 [info] > git cat-file -s caea899dafea4fea68ed439bb0fc609f0448ccaa [3ms]
2024-05-24 12:25:17.711 [info] > git show --textconv :Jenkins/Jenkinsfile [16ms]
2024-05-24 12:25:17.713 [info] > git ls-files --stage -- /home/brian/repos-geocom/vault-agent-geoswitch/Jenkins/Jenkinsfile [5ms]
2024-05-24 12:25:17.976 [info] > git check-ignore -v -z --stdin [61ms]
2024-05-24 12:25:18.461 [info] > git config --get commit.template [11ms]
2024-05-24 12:25:18.462 [info] > git for-each-ref --format=%(refname)%00%(upstream:short)%00%(objectname)%00%(upstream:track)%00%(upstream:remotename)%00%(upstream:remoteref) refs/heads/master refs/remotes/master [3ms]
2024-05-24 12:25:18.476 [info] > git status -z -uall [2ms]
2024-05-24 13:13:49.304 [info] > git config --get commit.template [12ms]
2024-05-24 13:13:49.307 [info] > git for-each-ref --format=%(refname)%00%(upstream:short)%00%(objectname)%00%(upstream:track)%00%(upstream:remotename)%00%(upstream:remoteref) refs/heads/master refs/remotes/master [4ms]
2024-05-24 13:13:49.321 [info] > git status -z -uall [3ms]
2024-05-24 13:13:54.349 [info] > git config --get commit.template [13ms]
2024-05-24 13:13:54.351 [info] > git for-each-ref --format=%(refname)%00%(upstream:short)%00%(objectname)%00%(upstream:track)%00%(upstream:remotename)%00%(upstream:remoteref) refs/heads/master refs/remotes/master [3ms]
2024-05-24 13:13:54.366 [info] > git status -z -uall [2ms]
2024-05-24 13:15:08.138 [info] > git config --get commit.template [11ms]
2024-05-24 13:15:08.140 [info] > git for-each-ref --format=%(refname)%00%(upstream:short)%00%(objectname)%00%(upstream:track)%00%(upstream:remotename)%00%(upstream:remoteref) refs/heads/master refs/remotes/master [2ms]
2024-05-24 13:15:08.153 [info] > git status -z -uall [3ms]
2024-05-24 13:15:48.088 [info] > git config --get commit.template [12ms]
2024-05-24 13:15:48.089 [info] > git for-each-ref --format=%(refname)%00%(upstream:short)%00%(objectname)%00%(upstream:track)%00%(upstream:remotename)%00%(upstream:remoteref) refs/heads/master refs/remotes/master [2ms]
2024-05-24 13:15:48.104 [info] > git status -z -uall [2ms]
2024-05-24 13:15:53.132 [info] > git config --get commit.template [12ms]
2024-05-24 13:15:53.134 [info] > git for-each-ref --format=%(refname)%00%(upstream:short)%00%(objectname)%00%(upstream:track)%00%(upstream:remotename)%00%(upstream:remoteref) refs/heads/master refs/remotes/master [3ms]
2024-05-24 13:15:53.147 [info] > git status -z -uall [2ms]
2024-05-24 13:16:36.064 [info] > git config --get commit.template [12ms]
2024-05-24 13:16:36.066 [info] > git for-each-ref --format=%(refname)%00%(upstream:short)%00%(objectname)%00%(upstream:track)%00%(upstream:remotename)%00%(upstream:remoteref) refs/heads/master refs/remotes/master [3ms]
2024-05-24 13:16:36.081 [info] > git status -z -uall [3ms]
2024-05-24 13:25:44.349 [info] > git config --get commit.template [11ms]
2024-05-24 13:25:44.350 [info] > git for-each-ref --format=%(refname)%00%(upstream:short)%00%(objectname)%00%(upstream:track)%00%(upstream:remotename)%00%(upstream:remoteref) refs/heads/master refs/remotes/master [2ms]
2024-05-24 13:25:44.363 [info] > git status -z -uall [2ms]
2024-05-24 13:28:54.644 [info] > git config --get commit.template [12ms]
2024-05-24 13:28:54.645 [info] > git for-each-ref --format=%(refname)%00%(upstream:short)%00%(objectname)%00%(upstream:track)%00%(upstream:remotename)%00%(upstream:remoteref) refs/heads/master refs/remotes/master [2ms]
2024-05-24 13:28:54.659 [info] > git status -z -uall [3ms]
2024-05-24 13:28:55.945 [info] > git show --textconv :ansible/playbook.yml [12ms]
2024-05-24 13:28:55.946 [info] > git ls-files --stage -- /home/brian/repos-geocom/vault-agent-geoswitch/ansible/playbook.yml [2ms]
2024-05-24 13:28:55.959 [info] > git cat-file -s caea899dafea4fea68ed439bb0fc609f0448ccaa [2ms]
2024-05-24 13:28:59.343 [info] > git show --textconv :ansible/inventory.ini [12ms]
2024-05-24 13:28:59.344 [info] > git ls-files --stage -- /home/brian/repos-geocom/vault-agent-geoswitch/ansible/inventory.ini [2ms]
2024-05-24 13:28:59.357 [info] > git cat-file -s 0c105fb74e587b329658dd9d2d5350e0ff374c3b [3ms]
2024-05-24 13:29:45.904 [info] > git config --get commit.template [5ms]
2024-05-24 13:29:45.919 [info] > git for-each-ref --format=%(refname)%00%(upstream:short)%00%(objectname)%00%(upstream:track)%00%(upstream:remotename)%00%(upstream:remoteref) refs/heads/master refs/remotes/master [2ms]
2024-05-24 13:29:45.932 [info] > git status -z -uall [3ms]
2024-05-24 13:30:13.030 [info] > git config --get commit.template [11ms]
2024-05-24 13:30:13.032 [info] > git for-each-ref --format=%(refname)%00%(upstream:short)%00%(objectname)%00%(upstream:track)%00%(upstream:remotename)%00%(upstream:remoteref) refs/heads/master refs/remotes/master [3ms]
2024-05-24 13:30:13.047 [info] > git status -z -uall [4ms]
2024-05-24 13:30:20.948 [info] > git show --textconv :ansible/playbook.yml [14ms]
2024-05-24 13:30:20.950 [info] > git ls-files --stage -- /home/brian/repos-geocom/vault-agent-geoswitch/ansible/playbook.yml [2ms]
2024-05-24 13:30:20.975 [info] > git cat-file -s caea899dafea4fea68ed439bb0fc609f0448ccaa [15ms]
2024-05-24 13:30:39.244 [info] > git config --get commit.template [13ms]
2024-05-24 13:30:39.246 [info] > git for-each-ref --format=%(refname)%00%(upstream:short)%00%(objectname)%00%(upstream:track)%00%(upstream:remotename)%00%(upstream:remoteref) refs/heads/master refs/remotes/master [2ms]
2024-05-24 13:30:39.263 [info] > git status -z -uall [4ms]
2024-05-24 13:30:40.033 [info] > git show --textconv :ansible/inventory.ini [12ms]
2024-05-24 13:30:40.034 [info] > git ls-files --stage -- /home/brian/repos-geocom/vault-agent-geoswitch/ansible/inventory.ini [2ms]
2024-05-24 13:30:40.047 [info] > git cat-file -s 0c105fb74e587b329658dd9d2d5350e0ff374c3b [2ms]
2024-05-24 13:30:51.268 [info] > git config --get commit.template [10ms]
2024-05-24 13:30:51.270 [info] > git for-each-ref --format=%(refname)%00%(upstream:short)%00%(objectname)%00%(upstream:track)%00%(upstream:remotename)%00%(upstream:remoteref) refs/heads/master refs/remotes/master [3ms]
2024-05-24 13:30:51.282 [info] > git status -z -uall [2ms]
2024-05-24 13:30:54.938 [info] > git show --textconv :.envrc [14ms]
2024-05-24 13:30:54.940 [info] > git ls-files --stage -- /home/brian/repos-geocom/vault-agent-geoswitch/.envrc [4ms]
2024-05-24 13:30:55.340 [info] > git show --textconv :.gitignore [12ms]
2024-05-24 13:30:55.342 [info] > git ls-files --stage -- /home/brian/repos-geocom/vault-agent-geoswitch/.gitignore [3ms]
2024-05-24 13:30:55.356 [info] > git cat-file -s a9f35f8c47cc88a958f19ab4e2112d6a8fb20c10 [2ms]
2024-05-24 13:30:58.377 [info] > git check-ignore -v -z --stdin [3ms]
2024-05-24 13:31:00.200 [info] > git config --get commit.template [16ms]
2024-05-24 13:31:00.201 [info] > git for-each-ref --format=%(refname)%00%(upstream:short)%00%(objectname)%00%(upstream:track)%00%(upstream:remotename)%00%(upstream:remoteref) refs/heads/master refs/remotes/master [3ms]
2024-05-24 13:31:00.215 [info] > git status -z -uall [3ms]
2024-05-24 13:31:20.557 [info] > git check-ignore -v -z --stdin [2ms]
2024-05-24 13:31:21.038 [info] > git config --get commit.template [13ms]
2024-05-24 13:31:21.040 [info] > git for-each-ref --format=%(refname)%00%(upstream:short)%00%(objectname)%00%(upstream:track)%00%(upstream:remotename)%00%(upstream:remoteref) refs/heads/master refs/remotes/master [2ms]
2024-05-24 13:31:21.054 [info] > git status -z -uall [2ms]
2024-05-24 13:31:42.488 [info] > git show --textconv :.envrc [13ms]
2024-05-24 13:31:42.489 [info] > git ls-files --stage -- /home/brian/repos-geocom/vault-agent-geoswitch/.envrc [2ms]
2024-05-24 13:31:42.918 [info] > git show --textconv :.gitignore [20ms]
2024-05-24 13:31:42.925 [info] > git ls-files --stage -- /home/brian/repos-geocom/vault-agent-geoswitch/.gitignore [8ms]
2024-05-24 13:31:42.969 [info] > git cat-file -s a9f35f8c47cc88a958f19ab4e2112d6a8fb20c10 [28ms]
2024-05-24 13:31:54.215 [info] > git config --get commit.template [11ms]
2024-05-24 13:31:54.217 [info] > git for-each-ref --format=%(refname)%00%(upstream:short)%00%(objectname)%00%(upstream:track)%00%(upstream:remotename)%00%(upstream:remoteref) refs/heads/master refs/remotes/master [3ms]
2024-05-24 13:31:54.230 [info] > git status -z -uall [3ms]
2024-05-24 13:31:54.246 [info] > git merge-base refs/heads/master refs/remotes/origin/master [4ms]
2024-05-24 13:31:54.261 [info] > git rev-list --count --left-right refs/heads/master...refs/remotes/origin/master [3ms]
2024-05-24 13:31:54.274 [info] > git diff --name-status -z --diff-filter=ADMR fc017d841ab8ed712afc5af9191c40469132548c...refs/remotes/origin/master [2ms]
2024-05-24 13:31:59.268 [info] > git config --get commit.template [12ms]
2024-05-24 13:31:59.270 [info] > git for-each-ref --format=%(refname)%00%(upstream:short)%00%(objectname)%00%(upstream:track)%00%(upstream:remotename)%00%(upstream:remoteref) refs/heads/master refs/remotes/master [3ms]
2024-05-24 13:31:59.283 [info] > git status -z -uall [3ms]
2024-05-24 13:31:59.298 [info] > git merge-base refs/heads/master refs/remotes/origin/master [5ms]
2024-05-24 13:31:59.310 [info] > git rev-list --count --left-right refs/heads/master...refs/remotes/origin/master [2ms]
2024-05-24 13:31:59.324 [info] > git diff --name-status -z --diff-filter=ADMR 710a0c8b1f60ffc6d73564761b6f9b11d7c2d0c8...refs/remotes/origin/master [3ms]
2024-05-24 13:33:53.997 [info] > git show --textconv :Jenkins/Jenkinsfile [11ms]
2024-05-24 13:33:53.998 [info] > git ls-files --stage -- /home/brian/repos-geocom/vault-agent-geoswitch/Jenkins/Jenkinsfile [2ms]
2024-05-24 13:33:54.019 [info] > git cat-file -s d76d0fce6baf34979c403d022d1205b4ae5838b0 [12ms]
2024-05-24 13:38:29.163 [info] > git show --textconv :Jenkins/Jenkinsfile [14ms]
2024-05-24 13:38:29.166 [info] > git ls-files --stage -- /home/brian/repos-geocom/vault-agent-geoswitch/Jenkins/Jenkinsfile [4ms]
2024-05-24 13:38:29.191 [info] > git cat-file -s d76d0fce6baf34979c403d022d1205b4ae5838b0 [14ms]
2024-05-24 13:45:03.093 [info] > git config --get commit.template [12ms]
2024-05-24 13:45:03.095 [info] > git for-each-ref --format=%(refname)%00%(upstream:short)%00%(objectname)%00%(upstream:track)%00%(upstream:remotename)%00%(upstream:remoteref) refs/heads/master refs/remotes/master [3ms]
2024-05-24 13:45:03.108 [info] > git status -z -uall [2ms]
