2024-05-24 15:29:26.314 [info] Log level: Info
2024-05-24 15:29:26.315 [info] Validating found git in: "git"
2024-05-24 15:29:26.315 [info] Using git "2.39.2" from "git"
2024-05-24 15:29:26.315 [info] > git rev-parse --show-toplevel [8ms]
2024-05-24 15:29:26.318 [info] > git rev-parse --git-dir --git-common-dir [4ms]
2024-05-24 15:29:26.345 [info] Open repository: /home/brian/repos-geocom/vault-agent-geoswitch
2024-05-24 15:29:26.380 [info] > git config --get commit.template [14ms]
2024-05-24 15:29:26.387 [info] > git rev-parse --show-toplevel [10ms]
2024-05-24 15:29:26.427 [info] > git rev-parse --show-toplevel [14ms]
2024-05-24 15:29:26.428 [info] > git for-each-ref --format=%(refname)%00%(upstream:short)%00%(objectname)%00%(upstream:track)%00%(upstream:remotename)%00%(upstream:remoteref) refs/heads/master refs/remotes/master [26ms]
2024-05-24 15:29:26.451 [info] > git rev-parse --show-toplevel [7ms]
2024-05-24 15:29:27.127 [info] > git status -z -uall [652ms]
2024-05-24 15:29:27.173 [info] > git rev-parse --show-toplevel [709ms]
2024-05-24 15:29:27.443 [info] > git merge-base refs/heads/master refs/remotes/origin/master [298ms]
2024-05-24 15:29:27.458 [info] > git rev-parse --show-toplevel [17ms]
2024-05-24 15:29:27.462 [info] > git config --get commit.template [31ms]
2024-05-24 15:29:27.463 [info] > git rev-list --count --left-right refs/heads/master...refs/remotes/origin/master [8ms]
2024-05-24 15:29:27.487 [info] > git diff --name-status -z --diff-filter=ADMR 710a0c8b1f60ffc6d73564761b6f9b11d7c2d0c8...refs/remotes/origin/master [12ms]
2024-05-24 15:29:27.489 [info] > git for-each-ref --format=%(refname)%00%(upstream:short)%00%(objectname)%00%(upstream:track)%00%(upstream:remotename)%00%(upstream:remoteref) refs/heads/master refs/remotes/master [3ms]
2024-05-24 15:29:27.504 [info] > git status -z -uall [3ms]
2024-05-24 15:29:27.909 [info] > git check-ignore -v -z --stdin [14ms]
2024-05-24 15:29:29.047 [info] > git show --textconv :Jenkins/Jenkinsfile [13ms]
2024-05-24 15:29:29.049 [info] > git ls-files --stage -- /home/brian/repos-geocom/vault-agent-geoswitch/Jenkins/Jenkinsfile [3ms]
2024-05-24 15:29:29.062 [info] > git cat-file -s d76d0fce6baf34979c403d022d1205b4ae5838b0 [2ms]
2024-05-24 15:49:26.045 [info] > git check-ignore -v -z --stdin [2ms]
2024-05-24 15:49:26.492 [info] > git show --textconv :ansible/inventory.ini [29ms]
2024-05-24 15:49:26.492 [info] > git ls-files --stage -- /home/brian/repos-geocom/vault-agent-geoswitch/ansible/inventory.ini [15ms]
2024-05-24 15:49:26.508 [info] > git cat-file -s ae3228b3c4cccce59f750f07955d03120f29fe0f [5ms]
2024-05-24 16:17:12.081 [info] > git config --get commit.template [14ms]
2024-05-24 16:17:12.083 [info] > git for-each-ref --format=%(refname)%00%(upstream:short)%00%(objectname)%00%(upstream:track)%00%(upstream:remotename)%00%(upstream:remoteref) refs/heads/master refs/remotes/master [4ms]
2024-05-24 16:17:12.098 [info] > git status -z -uall [3ms]
2024-05-24 16:17:19.340 [info] > git config --get commit.template [13ms]
2024-05-24 16:17:19.342 [info] > git for-each-ref --format=%(refname)%00%(upstream:short)%00%(objectname)%00%(upstream:track)%00%(upstream:remotename)%00%(upstream:remoteref) refs/heads/master refs/remotes/master [3ms]
2024-05-24 16:17:19.357 [info] > git status -z -uall [3ms]
2024-05-24 16:17:19.375 [info] > git merge-base refs/heads/master refs/remotes/origin/master [5ms]
2024-05-24 16:17:19.393 [info] > git rev-list --count --left-right refs/heads/master...refs/remotes/origin/master [6ms]
2024-05-24 16:17:19.408 [info] > git diff --name-status -z --diff-filter=ADMR 710a0c8b1f60ffc6d73564761b6f9b11d7c2d0c8...refs/remotes/origin/master [4ms]
2024-05-24 16:17:19.435 [info] > git ls-files --stage -- /home/brian/repos-geocom/vault-agent-geoswitch/ansible/inventory.ini [3ms]
2024-05-24 16:17:19.449 [info] > git cat-file -s 135f9858d0ae86fca3c1279fc8f4fd56b97079cc [2ms]
2024-05-24 16:17:19.473 [info] > git show --textconv :ansible/inventory.ini [8ms]
2024-05-24 16:17:20.724 [info] > git ls-files --stage -- /home/brian/repos-geocom/vault-agent-geoswitch/ansible/inventory.ini [3ms]
2024-05-24 16:17:20.737 [info] > git cat-file -s 135f9858d0ae86fca3c1279fc8f4fd56b97079cc [2ms]
2024-05-24 16:17:20.753 [info] > git show --textconv :ansible/inventory.ini [2ms]
2024-05-24 16:20:34.674 [info] > git config --get commit.template [18ms]
2024-05-24 16:20:34.677 [info] > git for-each-ref --format=%(refname)%00%(upstream:short)%00%(objectname)%00%(upstream:track)%00%(upstream:remotename)%00%(upstream:remoteref) refs/heads/master refs/remotes/master [4ms]
2024-05-24 16:20:34.692 [info] > git status -z -uall [3ms]
2024-05-24 16:20:34.714 [info] > git merge-base refs/heads/master refs/remotes/origin/master [6ms]
2024-05-24 16:20:34.733 [info] > git rev-list --count --left-right refs/heads/master...refs/remotes/origin/master [4ms]
2024-05-24 16:20:34.751 [info] > git diff --name-status -z --diff-filter=ADMR b857555b0d2db61668104275801313a36a7834ee...refs/remotes/origin/master [4ms]
2024-05-24 16:32:16.629 [info] > git show --textconv :Jenkins/Jenkinsfile [21ms]
2024-05-24 16:32:16.654 [info] > git ls-files --stage -- /home/brian/repos-geocom/vault-agent-geoswitch/Jenkins/Jenkinsfile [6ms]
2024-05-24 16:32:16.713 [info] > git cat-file -s 309d84329b4c71e962bc169d4c163015df3ab5c5 [43ms]
2024-05-24 16:32:29.602 [info] > git config --get commit.template [16ms]
2024-05-24 16:32:29.605 [info] > git for-each-ref --format=%(refname)%00%(upstream:short)%00%(objectname)%00%(upstream:track)%00%(upstream:remotename)%00%(upstream:remoteref) refs/heads/master refs/remotes/master [4ms]
2024-05-24 16:32:29.625 [info] > git status -z -uall [4ms]
2024-05-24 16:33:14.167 [info] > git config --get commit.template [16ms]
2024-05-24 16:33:14.170 [info] > git for-each-ref --format=%(refname)%00%(upstream:short)%00%(objectname)%00%(upstream:track)%00%(upstream:remotename)%00%(upstream:remoteref) refs/heads/master refs/remotes/master [4ms]
2024-05-24 16:33:14.188 [info] > git status -z -uall [5ms]
2024-05-24 16:33:36.520 [info] > git config --get commit.template [27ms]
2024-05-24 16:33:36.527 [info] > git for-each-ref --format=%(refname)%00%(upstream:short)%00%(objectname)%00%(upstream:track)%00%(upstream:remotename)%00%(upstream:remoteref) refs/heads/master refs/remotes/master [9ms]
2024-05-24 16:33:36.584 [info] > git status -z -uall [33ms]
2024-05-24 16:33:36.624 [info] > git merge-base refs/heads/master refs/remotes/origin/master [11ms]
2024-05-24 16:33:36.672 [info] > git ls-files --stage -- /home/brian/repos-geocom/vault-agent-geoswitch/Jenkins/Jenkinsfile [90ms]
2024-05-24 16:33:36.722 [info] > git cat-file -s 7703a0a14d46fd727135a8bc10a675d41090bbab [22ms]
2024-05-24 16:33:36.723 [info] > git rev-list --count --left-right refs/heads/master...refs/remotes/origin/master [51ms]
2024-05-24 16:33:36.765 [info] > git diff --name-status -z --diff-filter=ADMR d0d224ec17afecb272de667e748c6fe2f0601776...refs/remotes/origin/master [23ms]
2024-05-24 16:33:36.785 [info] > git show --textconv :Jenkins/Jenkinsfile [22ms]
2024-05-24 16:34:10.799 [info] > git config --get commit.template [2ms]
2024-05-24 16:34:10.814 [info] > git for-each-ref --format=%(refname)%00%(upstream:short)%00%(objectname)%00%(upstream:track)%00%(upstream:remotename)%00%(upstream:remoteref) refs/heads/master refs/remotes/master [3ms]
2024-05-24 16:34:10.829 [info] > git status -z -uall [3ms]
2024-05-24 16:58:06.867 [info] > git config --get commit.template [13ms]
2024-05-24 16:58:06.868 [info] > git for-each-ref --format=%(refname)%00%(upstream:short)%00%(objectname)%00%(upstream:track)%00%(upstream:remotename)%00%(upstream:remoteref) refs/heads/master refs/remotes/master [2ms]
2024-05-24 16:58:06.885 [info] > git status -z -uall [5ms]
2024-05-24 17:01:11.750 [info] > git config --get commit.template [13ms]
2024-05-24 17:01:11.752 [info] > git for-each-ref --format=%(refname)%00%(upstream:short)%00%(objectname)%00%(upstream:track)%00%(upstream:remotename)%00%(upstream:remoteref) refs/heads/master refs/remotes/master [3ms]
2024-05-24 17:01:11.767 [info] > git status -z -uall [3ms]
2024-05-24 17:01:21.064 [info] > git config --get commit.template [10ms]
2024-05-24 17:01:21.065 [info] > git for-each-ref --format=%(refname)%00%(upstream:short)%00%(objectname)%00%(upstream:track)%00%(upstream:remotename)%00%(upstream:remoteref) refs/heads/master refs/remotes/master [2ms]
2024-05-24 17:01:21.077 [info] > git status -z -uall [2ms]
2024-05-24 17:01:21.092 [info] > git merge-base refs/heads/master refs/remotes/origin/master [4ms]
2024-05-24 17:01:21.103 [info] > git rev-list --count --left-right refs/heads/master...refs/remotes/origin/master [3ms]
2024-05-24 17:01:21.116 [info] > git diff --name-status -z --diff-filter=ADMR d0d224ec17afecb272de667e748c6fe2f0601776...refs/remotes/origin/master [2ms]
2024-05-24 17:01:36.042 [info] > git config --get commit.template [12ms]
2024-05-24 17:01:36.044 [info] > git for-each-ref --format=%(refname)%00%(upstream:short)%00%(objectname)%00%(upstream:track)%00%(upstream:remotename)%00%(upstream:remoteref) refs/heads/master refs/remotes/master [3ms]
2024-05-24 17:01:36.060 [info] > git status -z -uall [4ms]
2024-05-24 17:01:36.078 [info] > git merge-base refs/heads/master refs/remotes/origin/master [4ms]
2024-05-24 17:01:36.092 [info] > git rev-list --count --left-right refs/heads/master...refs/remotes/origin/master [3ms]
2024-05-24 17:01:36.108 [info] > git diff --name-status -z --diff-filter=ADMR e0ef60053fd705bee6c35fefac2f1db7f2957e5b...refs/remotes/origin/master [3ms]
